
Profiling started at Thu Dec 29 18:17:00 2016
Profiling stopped at Thu Dec 29 18:17:01 2016

-- OProfile/operf Statistics --
Nr. non-backtrace samples: 17557
Nr. kernel samples: 28
Nr. user space samples: 17529
Nr. samples lost due to sample address not in expected range for domain: 0
Nr. lost kernel samples: 0
Nr. samples lost due to sample file open failure: 0
Nr. samples lost due to no permanent mapping: 0
Nr. user context kernel samples lost due to no app info available: 0
Nr. user samples lost due to no app info available: 0
Nr. backtraces skipped due to no file mapping: 0
Nr. hypervisor samples dropped due to address out-of-range: 0
Nr. samples lost reported by perf_events kernel: 0

Profiling started at Thu Dec 29 18:18:54 2016
Profiling stopped at Thu Dec 29 18:18:55 2016

-- OProfile/operf Statistics --
Nr. non-backtrace samples: 18966
Nr. kernel samples: 39
Nr. user space samples: 18927
Nr. samples lost due to sample address not in expected range for domain: 0
Nr. lost kernel samples: 0
Nr. samples lost due to sample file open failure: 0
Nr. samples lost due to no permanent mapping: 0
Nr. user context kernel samples lost due to no app info available: 0
Nr. user samples lost due to no app info available: 0
Nr. backtraces skipped due to no file mapping: 0
Nr. hypervisor samples dropped due to address out-of-range: 0
Nr. samples lost reported by perf_events kernel: 0
