
Profiling started at Thu Dec 29 18:17:11 2016
Profiling stopped at Thu Dec 29 18:17:17 2016

-- OProfile/operf Statistics --
Nr. non-backtrace samples: 201255
Nr. kernel samples: 199
Nr. user space samples: 201056
Nr. samples lost due to sample address not in expected range for domain: 0
Nr. lost kernel samples: 0
Nr. samples lost due to sample file open failure: 0
Nr. samples lost due to no permanent mapping: 0
Nr. user context kernel samples lost due to no app info available: 0
Nr. user samples lost due to no app info available: 0
Nr. backtraces skipped due to no file mapping: 0
Nr. hypervisor samples dropped due to address out-of-range: 0
Nr. samples lost reported by perf_events kernel: 0

Profiling started at Thu Dec 29 18:19:05 2016
Profiling stopped at Thu Dec 29 18:19:11 2016

-- OProfile/operf Statistics --
Nr. non-backtrace samples: 199328
Nr. kernel samples: 158
Nr. user space samples: 199170
Nr. samples lost due to sample address not in expected range for domain: 0
Nr. lost kernel samples: 0
Nr. samples lost due to sample file open failure: 0
Nr. samples lost due to no permanent mapping: 0
Nr. user context kernel samples lost due to no app info available: 0
Nr. user samples lost due to no app info available: 0
Nr. backtraces skipped due to no file mapping: 0
Nr. hypervisor samples dropped due to address out-of-range: 0
Nr. samples lost reported by perf_events kernel: 0
