
Profiling started at Fri Dec 30 15:58:58 2016
Profiling stopped at Fri Dec 30 15:58:59 2016

-- OProfile/operf Statistics --
Nr. non-backtrace samples: 38082
Nr. kernel samples: 273
Nr. user space samples: 37809
Nr. samples lost due to sample address not in expected range for domain: 0
Nr. lost kernel samples: 0
Nr. samples lost due to sample file open failure: 0
Nr. samples lost due to no permanent mapping: 0
Nr. user context kernel samples lost due to no app info available: 0
Nr. user samples lost due to no app info available: 0
Nr. backtraces skipped due to no file mapping: 0
Nr. hypervisor samples dropped due to address out-of-range: 0
Nr. samples lost reported by perf_events kernel: 0

Profiling started at Fri Dec 30 16:07:32 2016
Profiling stopped at Fri Dec 30 16:07:33 2016

-- OProfile/operf Statistics --
Nr. non-backtrace samples: 38795
Nr. kernel samples: 287
Nr. user space samples: 38508
Nr. samples lost due to sample address not in expected range for domain: 0
Nr. lost kernel samples: 0
Nr. samples lost due to sample file open failure: 0
Nr. samples lost due to no permanent mapping: 0
Nr. user context kernel samples lost due to no app info available: 0
Nr. user samples lost due to no app info available: 0
Nr. backtraces skipped due to no file mapping: 0
Nr. hypervisor samples dropped due to address out-of-range: 0
Nr. samples lost reported by perf_events kernel: 0
