
Profiling started at Fri Dec 30 16:00:00 2016
Profiling stopped at Fri Dec 30 16:00:04 2016

-- OProfile/operf Statistics --
Nr. non-backtrace samples: 119592
Nr. kernel samples: 666
Nr. user space samples: 118926
Nr. samples lost due to sample address not in expected range for domain: 0
Nr. lost kernel samples: 0
Nr. samples lost due to sample file open failure: 0
Nr. samples lost due to no permanent mapping: 0
Nr. user context kernel samples lost due to no app info available: 0
Nr. user samples lost due to no app info available: 0
Nr. backtraces skipped due to no file mapping: 0
Nr. hypervisor samples dropped due to address out-of-range: 0
Nr. samples lost reported by perf_events kernel: 0

Profiling started at Fri Dec 30 16:08:35 2016
Profiling stopped at Fri Dec 30 16:08:38 2016

-- OProfile/operf Statistics --
Nr. non-backtrace samples: 119360
Nr. kernel samples: 588
Nr. user space samples: 118772
Nr. samples lost due to sample address not in expected range for domain: 0
Nr. lost kernel samples: 0
Nr. samples lost due to sample file open failure: 0
Nr. samples lost due to no permanent mapping: 0
Nr. user context kernel samples lost due to no app info available: 0
Nr. user samples lost due to no app info available: 0
Nr. backtraces skipped due to no file mapping: 0
Nr. hypervisor samples dropped due to address out-of-range: 0
Nr. samples lost reported by perf_events kernel: 0
