
Profiling started at Fri Dec 30 15:59:13 2016
Profiling stopped at Fri Dec 30 15:59:17 2016

-- OProfile/operf Statistics --
Nr. non-backtrace samples: 120173
Nr. kernel samples: 651
Nr. user space samples: 119522
Nr. samples lost due to sample address not in expected range for domain: 0
Nr. lost kernel samples: 0
Nr. samples lost due to sample file open failure: 0
Nr. samples lost due to no permanent mapping: 0
Nr. user context kernel samples lost due to no app info available: 0
Nr. user samples lost due to no app info available: 0
Nr. backtraces skipped due to no file mapping: 0
Nr. hypervisor samples dropped due to address out-of-range: 0
Nr. samples lost reported by perf_events kernel: 0

Profiling started at Fri Dec 30 16:07:47 2016
Profiling stopped at Fri Dec 30 16:07:51 2016

-- OProfile/operf Statistics --
Nr. non-backtrace samples: 123271
Nr. kernel samples: 1669
Nr. user space samples: 121602
Nr. samples lost due to sample address not in expected range for domain: 0
Nr. lost kernel samples: 0
Nr. samples lost due to sample file open failure: 0
Nr. samples lost due to no permanent mapping: 0
Nr. user context kernel samples lost due to no app info available: 0
Nr. user samples lost due to no app info available: 0
Nr. backtraces skipped due to no file mapping: 0
Nr. hypervisor samples dropped due to address out-of-range: 0
Nr. samples lost reported by perf_events kernel: 0

Profiling started at Fri Dec 30 16:29:32 2016
Profiling stopped at Fri Dec 30 16:29:37 2016

-- OProfile/operf Statistics --
Nr. non-backtrace samples: 131820
Nr. kernel samples: 765
Nr. user space samples: 131055
Nr. samples lost due to sample address not in expected range for domain: 0
Nr. lost kernel samples: 0
Nr. samples lost due to sample file open failure: 0
Nr. samples lost due to no permanent mapping: 0
Nr. user context kernel samples lost due to no app info available: 0
Nr. user samples lost due to no app info available: 0
Nr. backtraces skipped due to no file mapping: 0
Nr. hypervisor samples dropped due to address out-of-range: 0
Nr. samples lost reported by perf_events kernel: 0
