
Profiling started at Fri Dec 30 15:59:54 2016
Profiling stopped at Fri Dec 30 15:59:56 2016

-- OProfile/operf Statistics --
Nr. non-backtrace samples: 90657
Nr. kernel samples: 498
Nr. user space samples: 90159
Nr. samples lost due to sample address not in expected range for domain: 0
Nr. lost kernel samples: 0
Nr. samples lost due to sample file open failure: 0
Nr. samples lost due to no permanent mapping: 0
Nr. user context kernel samples lost due to no app info available: 0
Nr. user samples lost due to no app info available: 0
Nr. backtraces skipped due to no file mapping: 0
Nr. hypervisor samples dropped due to address out-of-range: 0
Nr. samples lost reported by perf_events kernel: 0

Profiling started at Fri Dec 30 16:08:28 2016
Profiling stopped at Fri Dec 30 16:08:31 2016

-- OProfile/operf Statistics --
Nr. non-backtrace samples: 90959
Nr. kernel samples: 492
Nr. user space samples: 90467
Nr. samples lost due to sample address not in expected range for domain: 0
Nr. lost kernel samples: 0
Nr. samples lost due to sample file open failure: 0
Nr. samples lost due to no permanent mapping: 0
Nr. user context kernel samples lost due to no app info available: 0
Nr. user samples lost due to no app info available: 0
Nr. backtraces skipped due to no file mapping: 0
Nr. hypervisor samples dropped due to address out-of-range: 0
Nr. samples lost reported by perf_events kernel: 0

Profiling started at Fri Dec 30 16:30:19 2016
Profiling stopped at Fri Dec 30 16:30:22 2016

-- OProfile/operf Statistics --
Nr. non-backtrace samples: 91561
Nr. kernel samples: 561
Nr. user space samples: 91000
Nr. samples lost due to sample address not in expected range for domain: 0
Nr. lost kernel samples: 0
Nr. samples lost due to sample file open failure: 0
Nr. samples lost due to no permanent mapping: 0
Nr. user context kernel samples lost due to no app info available: 0
Nr. user samples lost due to no app info available: 0
Nr. backtraces skipped due to no file mapping: 0
Nr. hypervisor samples dropped due to address out-of-range: 0
Nr. samples lost reported by perf_events kernel: 0
