
Profiling started at Wed Dec 28 14:50:43 2016
Profiling stopped at Wed Dec 28 14:50:43 2016

-- OProfile/operf Statistics --
Nr. non-backtrace samples: 10
Nr. kernel samples: 8
Nr. user space samples: 2
Nr. samples lost due to sample address not in expected range for domain: 0
Nr. lost kernel samples: 0
Nr. samples lost due to sample file open failure: 0
Nr. samples lost due to no permanent mapping: 0
Nr. user context kernel samples lost due to no app info available: 0
Nr. user samples lost due to no app info available: 0
Nr. backtraces skipped due to no file mapping: 0
Nr. hypervisor samples dropped due to address out-of-range: 0
Nr. samples lost reported by perf_events kernel: 0

Profiling started at Wed Dec 28 14:52:35 2016
Profiling stopped at Wed Dec 28 14:52:37 2016

-- OProfile/operf Statistics --
Nr. non-backtrace samples: 49620
Nr. kernel samples: 53
Nr. user space samples: 49567
Nr. samples lost due to sample address not in expected range for domain: 0
Nr. lost kernel samples: 0
Nr. samples lost due to sample file open failure: 0
Nr. samples lost due to no permanent mapping: 0
Nr. user context kernel samples lost due to no app info available: 0
Nr. user samples lost due to no app info available: 0
Nr. backtraces skipped due to no file mapping: 0
Nr. hypervisor samples dropped due to address out-of-range: 0
Nr. samples lost reported by perf_events kernel: 0

Profiling started at Wed Dec 28 14:56:00 2016
Profiling stopped at Wed Dec 28 14:56:02 2016

-- OProfile/operf Statistics --
Nr. non-backtrace samples: 49571
Nr. kernel samples: 53
Nr. user space samples: 49518
Nr. samples lost due to sample address not in expected range for domain: 0
Nr. lost kernel samples: 0
Nr. samples lost due to sample file open failure: 0
Nr. samples lost due to no permanent mapping: 0
Nr. user context kernel samples lost due to no app info available: 0
Nr. user samples lost due to no app info available: 0
Nr. backtraces skipped due to no file mapping: 0
Nr. hypervisor samples dropped due to address out-of-range: 0
Nr. samples lost reported by perf_events kernel: 0
