
Profiling started at Fri Dec 30 15:58:38 2016
Profiling stopped at Fri Dec 30 15:58:40 2016

-- OProfile/operf Statistics --
Nr. non-backtrace samples: 81120
Nr. kernel samples: 533
Nr. user space samples: 80587
Nr. samples lost due to sample address not in expected range for domain: 0
Nr. lost kernel samples: 0
Nr. samples lost due to sample file open failure: 0
Nr. samples lost due to no permanent mapping: 0
Nr. user context kernel samples lost due to no app info available: 0
Nr. user samples lost due to no app info available: 0
Nr. backtraces skipped due to no file mapping: 0
Nr. hypervisor samples dropped due to address out-of-range: 0
Nr. samples lost reported by perf_events kernel: 0

Profiling started at Fri Dec 30 16:07:12 2016
Profiling stopped at Fri Dec 30 16:07:14 2016

-- OProfile/operf Statistics --
Nr. non-backtrace samples: 78722
Nr. kernel samples: 422
Nr. user space samples: 78300
Nr. samples lost due to sample address not in expected range for domain: 0
Nr. lost kernel samples: 0
Nr. samples lost due to sample file open failure: 0
Nr. samples lost due to no permanent mapping: 0
Nr. user context kernel samples lost due to no app info available: 0
Nr. user samples lost due to no app info available: 0
Nr. backtraces skipped due to no file mapping: 0
Nr. hypervisor samples dropped due to address out-of-range: 0
Nr. samples lost reported by perf_events kernel: 0

Profiling started at Fri Dec 30 16:25:26 2016
Profiling stopped at Fri Dec 30 16:25:28 2016

-- OProfile/operf Statistics --
Nr. non-backtrace samples: 78630
Nr. kernel samples: 456
Nr. user space samples: 78174
Nr. samples lost due to sample address not in expected range for domain: 0
Nr. lost kernel samples: 0
Nr. samples lost due to sample file open failure: 0
Nr. samples lost due to no permanent mapping: 0
Nr. user context kernel samples lost due to no app info available: 0
Nr. user samples lost due to no app info available: 0
Nr. backtraces skipped due to no file mapping: 0
Nr. hypervisor samples dropped due to address out-of-range: 0
Nr. samples lost reported by perf_events kernel: 0
