
Profiling started at Fri Dec 30 15:58:34 2016
Profiling stopped at Fri Dec 30 15:58:35 2016

-- OProfile/operf Statistics --
Nr. non-backtrace samples: 38359
Nr. kernel samples: 269
Nr. user space samples: 38090
Nr. samples lost due to sample address not in expected range for domain: 0
Nr. lost kernel samples: 0
Nr. samples lost due to sample file open failure: 0
Nr. samples lost due to no permanent mapping: 0
Nr. user context kernel samples lost due to no app info available: 0
Nr. user samples lost due to no app info available: 0
Nr. backtraces skipped due to no file mapping: 0
Nr. hypervisor samples dropped due to address out-of-range: 0
Nr. samples lost reported by perf_events kernel: 0

Profiling started at Fri Dec 30 16:07:08 2016
Profiling stopped at Fri Dec 30 16:07:09 2016

-- OProfile/operf Statistics --
Nr. non-backtrace samples: 43342
Nr. kernel samples: 338
Nr. user space samples: 43004
Nr. samples lost due to sample address not in expected range for domain: 0
Nr. lost kernel samples: 0
Nr. samples lost due to sample file open failure: 0
Nr. samples lost due to no permanent mapping: 0
Nr. user context kernel samples lost due to no app info available: 0
Nr. user samples lost due to no app info available: 0
Nr. backtraces skipped due to no file mapping: 0
Nr. hypervisor samples dropped due to address out-of-range: 0
Nr. samples lost reported by perf_events kernel: 0

Profiling started at Fri Dec 30 16:25:22 2016
Profiling stopped at Fri Dec 30 16:25:24 2016

-- OProfile/operf Statistics --
Nr. non-backtrace samples: 38009
Nr. kernel samples: 243
Nr. user space samples: 37766
Nr. samples lost due to sample address not in expected range for domain: 0
Nr. lost kernel samples: 0
Nr. samples lost due to sample file open failure: 0
Nr. samples lost due to no permanent mapping: 0
Nr. user context kernel samples lost due to no app info available: 0
Nr. user samples lost due to no app info available: 0
Nr. backtraces skipped due to no file mapping: 0
Nr. hypervisor samples dropped due to address out-of-range: 0
Nr. samples lost reported by perf_events kernel: 0

Profiling started at Fri Dec 30 16:28:49 2016
Profiling stopped at Fri Dec 30 16:28:51 2016

-- OProfile/operf Statistics --
Nr. non-backtrace samples: 39289
Nr. kernel samples: 278
Nr. user space samples: 39011
Nr. samples lost due to sample address not in expected range for domain: 0
Nr. lost kernel samples: 0
Nr. samples lost due to sample file open failure: 0
Nr. samples lost due to no permanent mapping: 0
Nr. user context kernel samples lost due to no app info available: 0
Nr. user samples lost due to no app info available: 0
Nr. backtraces skipped due to no file mapping: 0
Nr. hypervisor samples dropped due to address out-of-range: 0
Nr. samples lost reported by perf_events kernel: 0
