
Profiling started at Fri Dec 30 15:59:30 2016
Profiling stopped at Fri Dec 30 15:59:33 2016

-- OProfile/operf Statistics --
Nr. non-backtrace samples: 90771
Nr. kernel samples: 508
Nr. user space samples: 90263
Nr. samples lost due to sample address not in expected range for domain: 0
Nr. lost kernel samples: 0
Nr. samples lost due to sample file open failure: 0
Nr. samples lost due to no permanent mapping: 0
Nr. user context kernel samples lost due to no app info available: 0
Nr. user samples lost due to no app info available: 0
Nr. backtraces skipped due to no file mapping: 0
Nr. hypervisor samples dropped due to address out-of-range: 0
Nr. samples lost reported by perf_events kernel: 0

Profiling started at Fri Dec 30 16:08:05 2016
Profiling stopped at Fri Dec 30 16:08:08 2016

-- OProfile/operf Statistics --
Nr. non-backtrace samples: 91126
Nr. kernel samples: 520
Nr. user space samples: 90606
Nr. samples lost due to sample address not in expected range for domain: 0
Nr. lost kernel samples: 0
Nr. samples lost due to sample file open failure: 0
Nr. samples lost due to no permanent mapping: 0
Nr. user context kernel samples lost due to no app info available: 0
Nr. user samples lost due to no app info available: 0
Nr. backtraces skipped due to no file mapping: 0
Nr. hypervisor samples dropped due to address out-of-range: 0
Nr. samples lost reported by perf_events kernel: 0

Profiling started at Fri Dec 30 16:29:53 2016
Profiling stopped at Fri Dec 30 16:29:56 2016

-- OProfile/operf Statistics --
Nr. non-backtrace samples: 88261
Nr. kernel samples: 493
Nr. user space samples: 87768
Nr. samples lost due to sample address not in expected range for domain: 0
Nr. lost kernel samples: 0
Nr. samples lost due to sample file open failure: 0
Nr. samples lost due to no permanent mapping: 0
Nr. user context kernel samples lost due to no app info available: 0
Nr. user samples lost due to no app info available: 0
Nr. backtraces skipped due to no file mapping: 0
Nr. hypervisor samples dropped due to address out-of-range: 0
Nr. samples lost reported by perf_events kernel: 0
