
Profiling started at Thu Dec 29 18:17:02 2016
Profiling stopped at Thu Dec 29 18:17:06 2016

-- OProfile/operf Statistics --
Nr. non-backtrace samples: 108513
Nr. kernel samples: 75
Nr. user space samples: 108438
Nr. samples lost due to sample address not in expected range for domain: 0
Nr. lost kernel samples: 0
Nr. samples lost due to sample file open failure: 0
Nr. samples lost due to no permanent mapping: 0
Nr. user context kernel samples lost due to no app info available: 0
Nr. user samples lost due to no app info available: 0
Nr. backtraces skipped due to no file mapping: 0
Nr. hypervisor samples dropped due to address out-of-range: 0
Nr. samples lost reported by perf_events kernel: 0

Profiling started at Thu Dec 29 18:18:56 2016
Profiling stopped at Thu Dec 29 18:19:00 2016

-- OProfile/operf Statistics --
Nr. non-backtrace samples: 111454
Nr. kernel samples: 71
Nr. user space samples: 111383
Nr. samples lost due to sample address not in expected range for domain: 0
Nr. lost kernel samples: 0
Nr. samples lost due to sample file open failure: 0
Nr. samples lost due to no permanent mapping: 0
Nr. user context kernel samples lost due to no app info available: 0
Nr. user samples lost due to no app info available: 0
Nr. backtraces skipped due to no file mapping: 0
Nr. hypervisor samples dropped due to address out-of-range: 0
Nr. samples lost reported by perf_events kernel: 0
